0 info it worked if it ends with ok
1 verbose cli [ '/home/sanghee/.nvm/versions/node/v0.12.0/bin/node',
1 verbose cli   '/home/sanghee/.nvm/versions/node/v0.12.0/bin/npm',
1 verbose cli   'install',
1 verbose cli   'mongodb:2.0',
1 verbose cli   '--save' ]
2 info using npm@2.5.1
3 info using node@v0.12.0
4 verbose stack Error: Unsupported URL Type: mongodb:2.0
4 verbose stack     at parseUrl (/home/sanghee/.nvm/versions/node/v0.12.0/lib/node_modules/npm/node_modules/npm-package-arg/npa.js:173:13)
4 verbose stack     at npa (/home/sanghee/.nvm/versions/node/v0.12.0/lib/node_modules/npm/node_modules/npm-package-arg/npa.js:74:12)
4 verbose stack     at resolver (/home/sanghee/.nvm/versions/node/v0.12.0/lib/node_modules/npm/lib/install.js:756:42)
4 verbose stack     at /home/sanghee/.nvm/versions/node/v0.12.0/lib/node_modules/npm/node_modules/slide/lib/async-map.js:52:35
4 verbose stack     at Array.forEach (native)
4 verbose stack     at /home/sanghee/.nvm/versions/node/v0.12.0/lib/node_modules/npm/node_modules/slide/lib/async-map.js:52:11
4 verbose stack     at Array.forEach (native)
4 verbose stack     at asyncMap (/home/sanghee/.nvm/versions/node/v0.12.0/lib/node_modules/npm/node_modules/slide/lib/async-map.js:51:8)
4 verbose stack     at /home/sanghee/.nvm/versions/node/v0.12.0/lib/node_modules/npm/lib/install.js:655:5
4 verbose stack     at /home/sanghee/.nvm/versions/node/v0.12.0/lib/node_modules/npm/lib/install.js:324:22
5 verbose cwd /home/sanghee/Dev/bigdiff-code/lib
6 error Linux 3.16.0-31-generic
7 error argv "/home/sanghee/.nvm/versions/node/v0.12.0/bin/node" "/home/sanghee/.nvm/versions/node/v0.12.0/bin/npm" "install" "mongodb:2.0" "--save"
8 error node v0.12.0
9 error npm  v2.5.1
10 error Unsupported URL Type: mongodb:2.0
11 error If you need help, you may report this error at:
11 error     <http://github.com/npm/npm/issues>
12 verbose exit [ 1, true ]
